c:\users\bigbrother\desktop\msiyb\proto-server\consoleapplication5\x64\debug\consoleapplication5.pch
c:\users\bigbrother\desktop\msiyb\proto-server\consoleapplication5\x64\debug\vc141.pdb
c:\users\bigbrother\desktop\msiyb\proto-server\consoleapplication5\x64\debug\vc141.idb
c:\users\bigbrother\desktop\msiyb\proto-server\consoleapplication5\x64\debug\stdafx.obj
c:\users\bigbrother\desktop\msiyb\proto-server\consoleapplication5\x64\debug\file.obj
c:\users\bigbrother\desktop\msiyb\proto-server\consoleapplication5\x64\debug\functons.obj
c:\users\bigbrother\desktop\msiyb\proto-server\consoleapplication5\x64\debug\http_gen.obj
c:\users\bigbrother\desktop\msiyb\proto-server\consoleapplication5\x64\debug\socket.obj
c:\users\bigbrother\desktop\msiyb\proto-server\consoleapplication5\x64\debug\winfile.obj
c:\users\bigbrother\desktop\msiyb\proto-server\consoleapplication5\x64\debug\winsocket.obj
c:\users\bigbrother\desktop\msiyb\proto-server\consoleapplication5\x64\debug\consoleapplication5.obj
c:\users\bigbrother\desktop\msiyb\proto-server\x64\debug\consoleapplication5.ilk
c:\users\bigbrother\desktop\msiyb\proto-server\x64\debug\consoleapplication5.exe
c:\users\bigbrother\desktop\msiyb\proto-server\x64\debug\consoleapplication5.pdb
c:\users\bigbrother\desktop\msiyb\proto-server\consoleapplication5\x64\debug\consolea.dc59906a.tlog\cl.command.1.tlog
c:\users\bigbrother\desktop\msiyb\proto-server\consoleapplication5\x64\debug\consolea.dc59906a.tlog\cl.read.1.tlog
c:\users\bigbrother\desktop\msiyb\proto-server\consoleapplication5\x64\debug\consolea.dc59906a.tlog\cl.write.1.tlog
c:\users\bigbrother\desktop\msiyb\proto-server\consoleapplication5\x64\debug\consolea.dc59906a.tlog\link.command.1.tlog
c:\users\bigbrother\desktop\msiyb\proto-server\consoleapplication5\x64\debug\consolea.dc59906a.tlog\link.read.1.tlog
c:\users\bigbrother\desktop\msiyb\proto-server\consoleapplication5\x64\debug\consolea.dc59906a.tlog\link.write.1.tlog
